Build started 15/9/2563 22:05:28.
     1>Project "c:\Users\Mind\documents\visual studio 2010\Projects\Randomnumber\Randomnumber\Randomnumber.vcxproj" on node 2 (build target(s)).
     1>InitializeBuildStatus:
         Creating "Debug\Randomnumber.unsuccessfulbuild" because "AlwaysCreate" was specified.
       ClCompile:
         C:\Program Files (x86)\Microsoft Visual Studio 10.0\VC\bin\CL.exe /c /ZI /nologo /W3 /WX- /Od /Oy- /D WIN32 /D _DEBUG /D _CONSOLE /D _UNICODE /D UNICODE /Gm /EHsc /RTC1 /MDd /GS /fp:precise /Zc:wchar_t /Zc:forScope /Fo"Debug\\" /Fd"Debug\vc100.pdb" /Gd /TP /analyze- /errorReport:prompt randomnumber.cpp
         randomnumber.cpp
     1>c:\users\mind\documents\visual studio 2010\projects\randomnumber\randomnumber\randomnumber.cpp(7): warning C4244: 'argument' : conversion from 'time_t' to 'unsigned int', possible loss of data
       ManifestResourceCompile:
         All outputs are up-to-date.
       Link:
         C:\Program Files (x86)\Microsoft Visual Studio 10.0\VC\bin\link.exe /ERRORREPORT:PROMPT /OUT:"c:\users\mind\documents\visual studio 2010\Projects\Randomnumber\Debug\Randomnumber.exe" /INCREMENTAL /NOLOGO kernel32.lib user32.lib gdi32.lib winspool.lib comdlg32.lib advapi32.lib shell32.lib ole32.lib oleaut32.lib uuid.lib odbc32.lib odbccp32.lib /MANIFEST /ManifestFile:"Debug\Randomnumber.exe.intermediate.manifest" /MANIFESTUAC:"level='asInvoker' uiAccess='false'" /DEBUG /PDB:"c:\users\mind\documents\visual studio 2010\Projects\Randomnumber\Debug\Randomnumber.pdb" /SUBSYSTEM:CONSOLE /TLBID:1 /DYNAMICBASE /NXCOMPAT /IMPLIB:"c:\users\mind\documents\visual studio 2010\Projects\Randomnumber\Debug\Randomnumber.lib" /MACHINE:X86 Debug\Randomnumber.exe.embed.manifest.res
         Debug\randomnumber.obj
       Manifest:
         C:\Program Files (x86)\Microsoft SDKs\Windows\v7.0A\bin\mt.exe /nologo /verbose /out:"Debug\Randomnumber.exe.embed.manifest" /manifest Debug\Randomnumber.exe.intermediate.manifest
         All outputs are up-to-date.
       LinkEmbedManifest:
         All outputs are up-to-date.
         Randomnumber.vcxproj -> c:\users\mind\documents\visual studio 2010\Projects\Randomnumber\Debug\Randomnumber.exe
       FinalizeBuildStatus:
         Deleting file "Debug\Randomnumber.unsuccessfulbuild".
         Touching "Debug\Randomnumber.lastbuildstate".
     1>Done Building Project "c:\Users\Mind\documents\visual studio 2010\Projects\Randomnumber\Randomnumber\Randomnumber.vcxproj" (build target(s)).

Build succeeded.

Time Elapsed 00:00:00.98
